<?xml version="1.0" encoding="UTF-8"?>
<!-- Generated by org.testng.reporters.JUnitReportReporter -->
<testsuite hostname="Yashodeep" failures="0" tests="3" name="TestNG.Test_automation" time="11.081" errors="0" timestamp="2023-07-29T22:56:14 IST" skipped="0">
  <testcase classname="TestNG.Test_automation" name="LandingPage" time="0.045"/>
  <testcase classname="TestNG.Test_automation" name="Calculater" time="7.600"/>
  <testcase classname="TestNG.Test_automation" name="ReturntoHomePage" time="3.436"/>
</testsuite> <!-- TestNG.Test_automation -->
