<?xml version="1.0" encoding="UTF-8"?>
<!-- Generated by org.testng.reporters.JUnitReportReporter -->
<testsuite hostname="Yashodeep" failures="0" tests="2" name="TestNG.test2" time="13.110" errors="0" timestamp="2023-07-22T16:38:39 IST" skipped="0">
  <testcase classname="TestNG.test2" name="TestGoogle" time="6.903"/>
  <testcase classname="TestNG.test2" name="TestFacebook" time="6.207"/>
</testsuite> <!-- TestNG.test2 -->
