<?xml version="1.0" encoding="UTF-8"?>
<!-- Generated by org.testng.reporters.JUnitReportReporter -->
<testsuite hostname="Yashodeep" failures="0" tests="2" name="TestNG.test2" time="19.688" errors="0" timestamp="2023-07-29T22:53:30 IST" skipped="0">
  <testcase classname="TestNG.test2" name="TestGoogle" time="15.511"/>
  <testcase classname="TestNG.test2" name="TestFacebook" time="4.177"/>
</testsuite> <!-- TestNG.test2 -->
