<?xml version="1.0" encoding="UTF-8"?>
<!-- Generated by org.testng.reporters.JUnitReportReporter -->
<testsuite hostname="Yashodeep" failures="0" tests="1" name="TestNG.Test_Annotation" time="0.006" errors="0" timestamp="2023-07-28T23:18:57 IST" skipped="0">
  <testcase classname="TestNG.Test_Annotation" name="f" time="0.006"/>
</testsuite> <!-- TestNG.Test_Annotation -->
